<?xml version="1.0" encoding="UTF-8" ?>
<testsuite failures="0" time="1.724" errors="1" skipped="3" tests="5" name="ResourceListingIT">
  <properties>
    <property name="java.runtime.name" value="Java(TM) SE Runtime Environment"/>
    <property name="sun.boot.library.path" value="/Library/Java/JavaVirtualMachines/jdk1.7.0_75.jdk/Contents/Home/jre/lib"/>
    <property name="java.vm.version" value="24.75-b04"/>
    <property name="gopherProxySet" value="false"/>
    <property name="java.vm.vendor" value="Oracle Corporation"/>
    <property name="java.vendor.url" value="http://java.oracle.com/"/>
    <property name="path.separator" value=":"/>
    <property name="java.vm.name" value="Java HotSpot(TM) 64-Bit Server VM"/>
    <property name="file.encoding.pkg" value="sun.io"/>
    <property name="user.country" value="US"/>
    <property name="sun.java.launcher" value="SUN_STANDARD"/>
    <property name="sun.os.patch.level" value="unknown"/>
    <property name="java.vm.specification.name" value="Java Virtual Machine Specification"/>
    <property name="user.dir" value="/Users/michael.brennan/dev/java-jersey-spring"/>
    <property name="java.runtime.version" value="1.7.0_75-b13"/>
    <property name="java.awt.graphicsenv" value="sun.awt.CGraphicsEnvironment"/>
    <property name="basedir" value="/Users/michael.brennan/dev/java-jersey-spring"/>
    <property name="java.endorsed.dirs" value="/Library/Java/JavaVirtualMachines/jdk1.7.0_75.jdk/Contents/Home/jre/lib/endorsed"/>
    <property name="os.arch" value="x86_64"/>
    <property name="surefire.real.class.path" value="/var/folders/gb/rs4n0hnn3d9cttmblydp17t40000gp/T/surefirebooter8978760100559432758.jar"/>
    <property name="java.io.tmpdir" value="/var/folders/gb/rs4n0hnn3d9cttmblydp17t40000gp/T/"/>
    <property name="line.separator" value="
"/>
    <property name="java.vm.specification.vendor" value="Oracle Corporation"/>
    <property name="os.name" value="Mac OS X"/>
    <property name="sun.jnu.encoding" value="UTF-8"/>
    <property name="java.library.path" value="/Users/michael.brennan/Library/Java/Extensions:/Library/Java/Extensions:/Network/Library/Java/Extensions:/System/Library/Java/Extensions:/usr/lib/java:."/>
    <property name="surefire.test.class.path" value="/Users/michael.brennan/dev/java-jersey-spring/target/test-classes:/Users/michael.brennan/dev/java-jersey-spring/target/classes:/Users/michael.brennan/.m2/repository/com/wordnik/swagger-jersey-jaxrs_2.10/1.3.12/swagger-jersey-jaxrs_2.10-1.3.12.jar:/Users/michael.brennan/.m2/repository/com/wordnik/swagger-jaxrs_2.10/1.3.12/swagger-jaxrs_2.10-1.3.12.jar:/Users/michael.brennan/.m2/repository/com/wordnik/swagger-core_2.10/1.3.12/swagger-core_2.10-1.3.12.jar:/Users/michael.brennan/.m2/repository/com/fasterxml/jackson/module/jackson-module-scala_2.10/2.4.1/jackson-module-scala_2.10-2.4.1.jar:/Users/michael.brennan/.m2/repository/com/fasterxml/jackson/core/jackson-core/2.4.1/jackson-core-2.4.1.jar:/Users/michael.brennan/.m2/repository/com/fasterxml/jackson/core/jackson-databind/2.4.1.1/jackson-databind-2.4.1.1.jar:/Users/michael.brennan/.m2/repository/com/thoughtworks/paranamer/paranamer/2.6/paranamer-2.6.jar:/Users/michael.brennan/.m2/repository/com/google/code/findbugs/jsr305/2.0.1/jsr305-2.0.1.jar:/Users/michael.brennan/.m2/repository/com/fasterxml/jackson/core/jackson-annotations/2.4.1/jackson-annotations-2.4.1.jar:/Users/michael.brennan/.m2/repository/com/fasterxml/jackson/module/jackson-module-jsonSchema/2.4.1/jackson-module-jsonSchema-2.4.1.jar:/Users/michael.brennan/.m2/repository/com/fasterxml/jackson/jaxrs/jackson-jaxrs-json-provider/2.4.1/jackson-jaxrs-json-provider-2.4.1.jar:/Users/michael.brennan/.m2/repository/com/fasterxml/jackson/jaxrs/jackson-jaxrs-base/2.4.1/jackson-jaxrs-base-2.4.1.jar:/Users/michael.brennan/.m2/repository/com/fasterxml/jackson/module/jackson-module-jaxb-annotations/2.4.1/jackson-module-jaxb-annotations-2.4.1.jar:/Users/michael.brennan/.m2/repository/com/wordnik/swagger-annotations/1.3.12/swagger-annotations-1.3.12.jar:/Users/michael.brennan/.m2/repository/org/json4s/json4s-ext_2.10/3.2.11/json4s-ext_2.10-3.2.11.jar:/Users/michael.brennan/.m2/repository/joda-time/joda-time/2.3/joda-time-2.3.jar:/Users/michael.brennan/.m2/repository/org/joda/joda-convert/1.6/joda-convert-1.6.jar:/Users/michael.brennan/.m2/repository/org/json4s/json4s-native_2.10/3.2.11/json4s-native_2.10-3.2.11.jar:/Users/michael.brennan/.m2/repository/org/json4s/json4s-core_2.10/3.2.11/json4s-core_2.10-3.2.11.jar:/Users/michael.brennan/.m2/repository/org/json4s/json4s-ast_2.10/3.2.11/json4s-ast_2.10-3.2.11.jar:/Users/michael.brennan/.m2/repository/org/scala-lang/scalap/2.10.0/scalap-2.10.0.jar:/Users/michael.brennan/.m2/repository/org/scala-lang/scala-compiler/2.10.0/scala-compiler-2.10.0.jar:/Users/michael.brennan/.m2/repository/org/json4s/json4s-jackson_2.10/3.2.11/json4s-jackson_2.10-3.2.11.jar:/Users/michael.brennan/.m2/repository/javax/ws/rs/jsr311-api/1.1.1/jsr311-api-1.1.1.jar:/Users/michael.brennan/.m2/repository/org/reflections/reflections/0.9.9/reflections-0.9.9.jar:/Users/michael.brennan/.m2/repository/com/google/guava/guava/15.0/guava-15.0.jar:/Users/michael.brennan/.m2/repository/org/javassist/javassist/3.18.2-GA/javassist-3.18.2-GA.jar:/Users/michael.brennan/.m2/repository/com/google/code/findbugs/annotations/2.0.1/annotations-2.0.1.jar:/Users/michael.brennan/.m2/repository/com/sun/jersey/contribs/jersey-multipart/1.13/jersey-multipart-1.13.jar:/Users/michael.brennan/.m2/repository/org/jvnet/mimepull/1.6/mimepull-1.6.jar:/Users/michael.brennan/.m2/repository/com/sun/jersey/jersey-client/1.13/jersey-client-1.13.jar:/Users/michael.brennan/.m2/repository/com/sun/jersey/jersey-server/1.13/jersey-server-1.13.jar:/Users/michael.brennan/.m2/repository/asm/asm/3.1/asm-3.1.jar:/Users/michael.brennan/.m2/repository/ch/qos/logback/logback-classic/1.0.1/logback-classic-1.0.1.jar:/Users/michael.brennan/.m2/repository/org/slf4j/slf4j-api/1.6.3/slf4j-api-1.6.3.jar:/Users/michael.brennan/.m2/repository/ch/qos/logback/logback-core/1.0.1/logback-core-1.0.1.jar:/Users/michael.brennan/.m2/repository/org/scalatest/scalatest_2.10/2.1.3/scalatest_2.10-2.1.3.jar:/Users/michael.brennan/.m2/repository/org/scala-lang/scala-library/2.10.4/scala-library-2.10.4.jar:/Users/michael.brennan/.m2/repository/org/scala-lang/scala-reflect/2.10.3/scala-reflect-2.10.3.jar:/Users/michael.brennan/.m2/repository/junit/junit/4.8.1/junit-4.8.1.jar:/Users/michael.brennan/.m2/repository/javax/servlet/servlet-api/2.5/servlet-api-2.5.jar:/Users/michael.brennan/.m2/repository/org/springframework/spring-core/3.2.4.RELEASE/spring-core-3.2.4.RELEASE.jar:/Users/michael.brennan/.m2/repository/commons-logging/commons-logging/1.1.1/commons-logging-1.1.1.jar:/Users/michael.brennan/.m2/repository/org/springframework/spring-web/3.2.4.RELEASE/spring-web-3.2.4.RELEASE.jar:/Users/michael.brennan/.m2/repository/aopalliance/aopalliance/1.0/aopalliance-1.0.jar:/Users/michael.brennan/.m2/repository/org/springframework/spring-aop/3.2.4.RELEASE/spring-aop-3.2.4.RELEASE.jar:/Users/michael.brennan/.m2/repository/org/springframework/spring-beans/3.2.4.RELEASE/spring-beans-3.2.4.RELEASE.jar:/Users/michael.brennan/.m2/repository/org/springframework/spring-context/3.2.4.RELEASE/spring-context-3.2.4.RELEASE.jar:/Users/michael.brennan/.m2/repository/org/springframework/spring-expression/3.2.4.RELEASE/spring-expression-3.2.4.RELEASE.jar:/Users/michael.brennan/.m2/repository/com/sun/jersey/jersey-core/1.13/jersey-core-1.13.jar:/Users/michael.brennan/.m2/repository/com/sun/jersey/jersey-json/1.13/jersey-json-1.13.jar:/Users/michael.brennan/.m2/repository/org/codehaus/jettison/jettison/1.1/jettison-1.1.jar:/Users/michael.brennan/.m2/repository/stax/stax-api/1.0.1/stax-api-1.0.1.jar:/Users/michael.brennan/.m2/repository/com/sun/xml/bind/jaxb-impl/2.2.3-1/jaxb-impl-2.2.3-1.jar:/Users/michael.brennan/.m2/repository/javax/xml/bind/jaxb-api/2.2.2/jaxb-api-2.2.2.jar:/Users/michael.brennan/.m2/repository/javax/xml/stream/stax-api/1.0-2/stax-api-1.0-2.jar:/Users/michael.brennan/.m2/repository/javax/activation/activation/1.1/activation-1.1.jar:/Users/michael.brennan/.m2/repository/org/codehaus/jackson/jackson-core-asl/1.9.2/jackson-core-asl-1.9.2.jar:/Users/michael.brennan/.m2/repository/org/codehaus/jackson/jackson-mapper-asl/1.9.2/jackson-mapper-asl-1.9.2.jar:/Users/michael.brennan/.m2/repository/org/codehaus/jackson/jackson-jaxrs/1.9.2/jackson-jaxrs-1.9.2.jar:/Users/michael.brennan/.m2/repository/org/codehaus/jackson/jackson-xc/1.9.2/jackson-xc-1.9.2.jar:/Users/michael.brennan/.m2/repository/com/sun/jersey/jersey-servlet/1.13/jersey-servlet-1.13.jar:/Users/michael.brennan/.m2/repository/com/sun/jersey/contribs/jersey-spring/1.13/jersey-spring-1.13.jar:"/>
    <property name="java.specification.name" value="Java Platform API Specification"/>
    <property name="java.class.version" value="51.0"/>
    <property name="sun.management.compiler" value="HotSpot 64-Bit Tiered Compilers"/>
    <property name="os.version" value="10.10.1"/>
    <property name="http.nonProxyHosts" value="local|*.local|169.254/16|*.169.254/16"/>
    <property name="user.home" value="/Users/michael.brennan"/>
    <property name="user.timezone" value="America/Denver"/>
    <property name="java.awt.printerjob" value="sun.lwawt.macosx.CPrinterJob"/>
    <property name="java.specification.version" value="1.7"/>
    <property name="file.encoding" value="UTF-8"/>
    <property name="user.name" value="michael.brennan"/>
    <property name="java.class.path" value="/Users/michael.brennan/dev/java-jersey-spring/target/test-classes:/Users/michael.brennan/dev/java-jersey-spring/target/classes:/Users/michael.brennan/.m2/repository/com/wordnik/swagger-jersey-jaxrs_2.10/1.3.12/swagger-jersey-jaxrs_2.10-1.3.12.jar:/Users/michael.brennan/.m2/repository/com/wordnik/swagger-jaxrs_2.10/1.3.12/swagger-jaxrs_2.10-1.3.12.jar:/Users/michael.brennan/.m2/repository/com/wordnik/swagger-core_2.10/1.3.12/swagger-core_2.10-1.3.12.jar:/Users/michael.brennan/.m2/repository/com/fasterxml/jackson/module/jackson-module-scala_2.10/2.4.1/jackson-module-scala_2.10-2.4.1.jar:/Users/michael.brennan/.m2/repository/com/fasterxml/jackson/core/jackson-core/2.4.1/jackson-core-2.4.1.jar:/Users/michael.brennan/.m2/repository/com/fasterxml/jackson/core/jackson-databind/2.4.1.1/jackson-databind-2.4.1.1.jar:/Users/michael.brennan/.m2/repository/com/thoughtworks/paranamer/paranamer/2.6/paranamer-2.6.jar:/Users/michael.brennan/.m2/repository/com/google/code/findbugs/jsr305/2.0.1/jsr305-2.0.1.jar:/Users/michael.brennan/.m2/repository/com/fasterxml/jackson/core/jackson-annotations/2.4.1/jackson-annotations-2.4.1.jar:/Users/michael.brennan/.m2/repository/com/fasterxml/jackson/module/jackson-module-jsonSchema/2.4.1/jackson-module-jsonSchema-2.4.1.jar:/Users/michael.brennan/.m2/repository/com/fasterxml/jackson/jaxrs/jackson-jaxrs-json-provider/2.4.1/jackson-jaxrs-json-provider-2.4.1.jar:/Users/michael.brennan/.m2/repository/com/fasterxml/jackson/jaxrs/jackson-jaxrs-base/2.4.1/jackson-jaxrs-base-2.4.1.jar:/Users/michael.brennan/.m2/repository/com/fasterxml/jackson/module/jackson-module-jaxb-annotations/2.4.1/jackson-module-jaxb-annotations-2.4.1.jar:/Users/michael.brennan/.m2/repository/com/wordnik/swagger-annotations/1.3.12/swagger-annotations-1.3.12.jar:/Users/michael.brennan/.m2/repository/org/json4s/json4s-ext_2.10/3.2.11/json4s-ext_2.10-3.2.11.jar:/Users/michael.brennan/.m2/repository/joda-time/joda-time/2.3/joda-time-2.3.jar:/Users/michael.brennan/.m2/repository/org/joda/joda-convert/1.6/joda-convert-1.6.jar:/Users/michael.brennan/.m2/repository/org/json4s/json4s-native_2.10/3.2.11/json4s-native_2.10-3.2.11.jar:/Users/michael.brennan/.m2/repository/org/json4s/json4s-core_2.10/3.2.11/json4s-core_2.10-3.2.11.jar:/Users/michael.brennan/.m2/repository/org/json4s/json4s-ast_2.10/3.2.11/json4s-ast_2.10-3.2.11.jar:/Users/michael.brennan/.m2/repository/org/scala-lang/scalap/2.10.0/scalap-2.10.0.jar:/Users/michael.brennan/.m2/repository/org/scala-lang/scala-compiler/2.10.0/scala-compiler-2.10.0.jar:/Users/michael.brennan/.m2/repository/org/json4s/json4s-jackson_2.10/3.2.11/json4s-jackson_2.10-3.2.11.jar:/Users/michael.brennan/.m2/repository/javax/ws/rs/jsr311-api/1.1.1/jsr311-api-1.1.1.jar:/Users/michael.brennan/.m2/repository/org/reflections/reflections/0.9.9/reflections-0.9.9.jar:/Users/michael.brennan/.m2/repository/com/google/guava/guava/15.0/guava-15.0.jar:/Users/michael.brennan/.m2/repository/org/javassist/javassist/3.18.2-GA/javassist-3.18.2-GA.jar:/Users/michael.brennan/.m2/repository/com/google/code/findbugs/annotations/2.0.1/annotations-2.0.1.jar:/Users/michael.brennan/.m2/repository/com/sun/jersey/contribs/jersey-multipart/1.13/jersey-multipart-1.13.jar:/Users/michael.brennan/.m2/repository/org/jvnet/mimepull/1.6/mimepull-1.6.jar:/Users/michael.brennan/.m2/repository/com/sun/jersey/jersey-client/1.13/jersey-client-1.13.jar:/Users/michael.brennan/.m2/repository/com/sun/jersey/jersey-server/1.13/jersey-server-1.13.jar:/Users/michael.brennan/.m2/repository/asm/asm/3.1/asm-3.1.jar:/Users/michael.brennan/.m2/repository/ch/qos/logback/logback-classic/1.0.1/logback-classic-1.0.1.jar:/Users/michael.brennan/.m2/repository/org/slf4j/slf4j-api/1.6.3/slf4j-api-1.6.3.jar:/Users/michael.brennan/.m2/repository/ch/qos/logback/logback-core/1.0.1/logback-core-1.0.1.jar:/Users/michael.brennan/.m2/repository/org/scalatest/scalatest_2.10/2.1.3/scalatest_2.10-2.1.3.jar:/Users/michael.brennan/.m2/repository/org/scala-lang/scala-library/2.10.4/scala-library-2.10.4.jar:/Users/michael.brennan/.m2/repository/org/scala-lang/scala-reflect/2.10.3/scala-reflect-2.10.3.jar:/Users/michael.brennan/.m2/repository/junit/junit/4.8.1/junit-4.8.1.jar:/Users/michael.brennan/.m2/repository/javax/servlet/servlet-api/2.5/servlet-api-2.5.jar:/Users/michael.brennan/.m2/repository/org/springframework/spring-core/3.2.4.RELEASE/spring-core-3.2.4.RELEASE.jar:/Users/michael.brennan/.m2/repository/commons-logging/commons-logging/1.1.1/commons-logging-1.1.1.jar:/Users/michael.brennan/.m2/repository/org/springframework/spring-web/3.2.4.RELEASE/spring-web-3.2.4.RELEASE.jar:/Users/michael.brennan/.m2/repository/aopalliance/aopalliance/1.0/aopalliance-1.0.jar:/Users/michael.brennan/.m2/repository/org/springframework/spring-aop/3.2.4.RELEASE/spring-aop-3.2.4.RELEASE.jar:/Users/michael.brennan/.m2/repository/org/springframework/spring-beans/3.2.4.RELEASE/spring-beans-3.2.4.RELEASE.jar:/Users/michael.brennan/.m2/repository/org/springframework/spring-context/3.2.4.RELEASE/spring-context-3.2.4.RELEASE.jar:/Users/michael.brennan/.m2/repository/org/springframework/spring-expression/3.2.4.RELEASE/spring-expression-3.2.4.RELEASE.jar:/Users/michael.brennan/.m2/repository/com/sun/jersey/jersey-core/1.13/jersey-core-1.13.jar:/Users/michael.brennan/.m2/repository/com/sun/jersey/jersey-json/1.13/jersey-json-1.13.jar:/Users/michael.brennan/.m2/repository/org/codehaus/jettison/jettison/1.1/jettison-1.1.jar:/Users/michael.brennan/.m2/repository/stax/stax-api/1.0.1/stax-api-1.0.1.jar:/Users/michael.brennan/.m2/repository/com/sun/xml/bind/jaxb-impl/2.2.3-1/jaxb-impl-2.2.3-1.jar:/Users/michael.brennan/.m2/repository/javax/xml/bind/jaxb-api/2.2.2/jaxb-api-2.2.2.jar:/Users/michael.brennan/.m2/repository/javax/xml/stream/stax-api/1.0-2/stax-api-1.0-2.jar:/Users/michael.brennan/.m2/repository/javax/activation/activation/1.1/activation-1.1.jar:/Users/michael.brennan/.m2/repository/org/codehaus/jackson/jackson-core-asl/1.9.2/jackson-core-asl-1.9.2.jar:/Users/michael.brennan/.m2/repository/org/codehaus/jackson/jackson-mapper-asl/1.9.2/jackson-mapper-asl-1.9.2.jar:/Users/michael.brennan/.m2/repository/org/codehaus/jackson/jackson-jaxrs/1.9.2/jackson-jaxrs-1.9.2.jar:/Users/michael.brennan/.m2/repository/org/codehaus/jackson/jackson-xc/1.9.2/jackson-xc-1.9.2.jar:/Users/michael.brennan/.m2/repository/com/sun/jersey/jersey-servlet/1.13/jersey-servlet-1.13.jar:/Users/michael.brennan/.m2/repository/com/sun/jersey/contribs/jersey-spring/1.13/jersey-spring-1.13.jar:"/>
    <property name="java.vm.specification.version" value="1.7"/>
    <property name="sun.arch.data.model" value="64"/>
    <property name="java.home" value="/Library/Java/JavaVirtualMachines/jdk1.7.0_75.jdk/Contents/Home/jre"/>
    <property name="sun.java.command" value="/var/folders/gb/rs4n0hnn3d9cttmblydp17t40000gp/T/surefirebooter8978760100559432758.jar /var/folders/gb/rs4n0hnn3d9cttmblydp17t40000gp/T/surefire440311695636221133tmp /var/folders/gb/rs4n0hnn3d9cttmblydp17t40000gp/T/surefire6534989605692593446tmp"/>
    <property name="java.specification.vendor" value="Oracle Corporation"/>
    <property name="user.language" value="en"/>
    <property name="awt.toolkit" value="sun.lwawt.macosx.LWCToolkit"/>
    <property name="java.vm.info" value="mixed mode"/>
    <property name="java.version" value="1.7.0_75"/>
    <property name="java.ext.dirs" value="/Users/michael.brennan/Library/Java/Extensions:/Library/Java/JavaVirtualMachines/jdk1.7.0_75.jdk/Contents/Home/jre/lib/ext:/Library/Java/Extensions:/Network/Library/Java/Extensions:/System/Library/Java/Extensions:/usr/lib/java"/>
    <property name="sun.boot.class.path" value="/Library/Java/JavaVirtualMachines/jdk1.7.0_75.jdk/Contents/Home/jre/lib/resources.jar:/Library/Java/JavaVirtualMachines/jdk1.7.0_75.jdk/Contents/Home/jre/lib/rt.jar:/Library/Java/JavaVirtualMachines/jdk1.7.0_75.jdk/Contents/Home/jre/lib/sunrsasign.jar:/Library/Java/JavaVirtualMachines/jdk1.7.0_75.jdk/Contents/Home/jre/lib/jsse.jar:/Library/Java/JavaVirtualMachines/jdk1.7.0_75.jdk/Contents/Home/jre/lib/jce.jar:/Library/Java/JavaVirtualMachines/jdk1.7.0_75.jdk/Contents/Home/jre/lib/charsets.jar:/Library/Java/JavaVirtualMachines/jdk1.7.0_75.jdk/Contents/Home/jre/lib/jfr.jar:/Library/Java/JavaVirtualMachines/jdk1.7.0_75.jdk/Contents/Home/jre/classes"/>
    <property name="java.vendor" value="Oracle Corporation"/>
    <property name="localRepository" value="/Users/michael.brennan/.m2/repository"/>
    <property name="file.separator" value="/"/>
    <property name="java.vendor.url.bug" value="http://bugreport.sun.com/bugreport/"/>
    <property name="sun.cpu.endian" value="little"/>
    <property name="sun.io.unicode.encoding" value="UnicodeBig"/>
    <property name="socksNonProxyHosts" value="local|*.local|169.254/16|*.169.254/16"/>
    <property name="ftp.nonProxyHosts" value="local|*.local|169.254/16|*.169.254/16"/>
    <property name="sun.cpu.isalist" value=""/>
  </properties>
  <testcase time="1.174" classname="ResourceListingIT" name="should read a resource listing">
    <error message="3 was not equal to 2" type="org.scalatest.exceptions.TestFailedException">org.scalatest.exceptions.TestFailedException: 3 was not equal to 2
	at org.scalatest.MatchersHelper$.newTestFailedException(MatchersHelper.scala:160)
	at org.scalatest.Matchers$ShouldMethodHelper$.shouldMatcher(Matchers.scala:6141)
	at org.scalatest.Matchers$AnyShouldWrapper.should(Matchers.scala:6175)
	at ResourceListingIT$$anonfun$1.apply$mcV$sp(ResourceListingIT.scala:37)
	at ResourceListingIT$$anonfun$1.apply(ResourceListingIT.scala:33)
	at ResourceListingIT$$anonfun$1.apply(ResourceListingIT.scala:33)
	at org.scalatest.Transformer$$anonfun$apply$1.apply(Transformer.scala:22)
	at org.scalatest.Transformer$$anonfun$apply$1.apply(Transformer.scala:22)
	at org.scalatest.OutcomeOf$class.outcomeOf(OutcomeOf.scala:85)
	at org.scalatest.OutcomeOf$.outcomeOf(OutcomeOf.scala:104)
	at org.scalatest.Transformer.apply(Transformer.scala:22)
	at org.scalatest.Transformer.apply(Transformer.scala:20)
	at org.scalatest.FlatSpecLike$$anon$1.apply(FlatSpecLike.scala:1639)
	at org.scalatest.Suite$class.withFixture(Suite.scala:1121)
	at org.scalatest.FlatSpec.withFixture(FlatSpec.scala:1683)
	at org.scalatest.FlatSpecLike$class.invokeWithFixture$1(FlatSpecLike.scala:1636)
	at org.scalatest.FlatSpecLike$$anonfun$runTest$1.apply(FlatSpecLike.scala:1648)
	at org.scalatest.FlatSpecLike$$anonfun$runTest$1.apply(FlatSpecLike.scala:1648)
	at org.scalatest.SuperEngine.runTestImpl(Engine.scala:306)
	at org.scalatest.FlatSpecLike$class.runTest(FlatSpecLike.scala:1648)
	at org.scalatest.FlatSpec.runTest(FlatSpec.scala:1683)
	at org.scalatest.FlatSpecLike$$anonfun$runTests$1.apply(FlatSpecLike.scala:1706)
	at org.scalatest.FlatSpecLike$$anonfun$runTests$1.apply(FlatSpecLike.scala:1706)
	at org.scalatest.SuperEngine$$anonfun$traverseSubNodes$1$1.apply(Engine.scala:413)
	at org.scalatest.SuperEngine$$anonfun$traverseSubNodes$1$1.apply(Engine.scala:401)
	at scala.collection.immutable.List.foreach(List.scala:318)
	at org.scalatest.SuperEngine.traverseSubNodes$1(Engine.scala:401)
	at org.scalatest.SuperEngine.org$scalatest$SuperEngine$$runTestsInBranch(Engine.scala:396)
	at org.scalatest.SuperEngine.runTestsImpl(Engine.scala:483)
	at org.scalatest.FlatSpecLike$class.runTests(FlatSpecLike.scala:1706)
	at org.scalatest.FlatSpec.runTests(FlatSpec.scala:1683)
	at org.scalatest.Suite$class.run(Suite.scala:1423)
	at org.scalatest.FlatSpec.org$scalatest$FlatSpecLike$$super$run(FlatSpec.scala:1683)
	at org.scalatest.FlatSpecLike$$anonfun$run$1.apply(FlatSpecLike.scala:1752)
	at org.scalatest.FlatSpecLike$$anonfun$run$1.apply(FlatSpecLike.scala:1752)
	at org.scalatest.SuperEngine.runImpl(Engine.scala:545)
	at org.scalatest.FlatSpecLike$class.run(FlatSpecLike.scala:1752)
	at org.scalatest.FlatSpec.run(FlatSpec.scala:1683)
	at org.scalatest.junit.JUnitRunner.run(JUnitRunner.scala:99)
	at org.apache.maven.surefire.junit4.JUnit4TestSet.execute(JUnit4TestSet.java:59)
	at org.apache.maven.surefire.suite.AbstractDirectoryTestSuite.executeTestSet(AbstractDirectoryTestSuite.java:120)
	at org.apache.maven.surefire.suite.AbstractDirectoryTestSuite.execute(AbstractDirectoryTestSuite.java:103)
	at org.apache.maven.surefire.Surefire.run(Surefire.java:169)
	at sun.reflect.NativeMethodAccessorImpl.invoke0(Native Method)
	at sun.reflect.NativeMethodAccessorImpl.invoke(NativeMethodAccessorImpl.java:57)
	at sun.reflect.DelegatingMethodAccessorImpl.invoke(DelegatingMethodAccessorImpl.java:43)
	at java.lang.reflect.Method.invoke(Method.java:606)
	at org.apache.maven.surefire.booter.SurefireBooter.runSuitesInProcess(SurefireBooter.java:350)
	at org.apache.maven.surefire.booter.SurefireBooter.main(SurefireBooter.java:1021)
</error>
  </testcase>
  <testcase time="1.18" classname="ResourceListingIT" name="should read the resource listing in XML">
    <skipped/>
  </testcase>
  <testcase time="0.112" classname="ResourceListingIT" name="should read the pet api description"/>
  <testcase time="0.113" classname="ResourceListingIT" name="should read the user api with array and list data types as post data">
    <skipped/>
  </testcase>
  <testcase time="0.113" classname="ResourceListingIT" name="should read the pet api description in XML">
    <skipped/>
  </testcase>
</testsuite>